<?xml version="1.0" encoding="UTF-8"?>
<!-- Generated by org.testng.reporters.JUnitReportReporter -->
<testsuite hostname="DESKTOP-PHQPLGQ" name="reports.Extent_Reports" tests="1" failures="0" timestamp="12 Oct 2017 12:28:07 GMT" time="37.057" errors="0">
  <testcase name="extent" time="37.057" classname="reports.Extent_Reports"/>
</testsuite> <!-- reports.Extent_Reports -->
