<?xml version="1.0" encoding="UTF-8"?>
<!-- Generated by org.testng.reporters.JUnitReportReporter -->
<testsuite hostname="DESKTOP-PHQPLGQ" name="reports.Extent_Reports" tests="1" failures="0" timestamp="14 Dec 2017 10:42:50 GMT" time="74.252" errors="0">
  <testcase name="extent" time="74.252" classname="reports.Extent_Reports"/>
</testsuite> <!-- reports.Extent_Reports -->
